<?xml version="1.0" encoding="UTF-8"?>
<!-- Generated by org.testng.reporters.JUnitXMLReporter -->
<testsuite hostname="ZVERDVD-VCR2KE2" ignored="0" tests="1" failures="1" timestamp="2021-10-22T00:02:02 MSK" time="0.062" errors="0">
  <testcase name="myTestProgram" time="0.0" classname="MyTest">
    <failure type="org.testng.TestNGException" message="
Parameter &amp;apos;myName&amp;apos; is required by @Test on method myTestProgram but has not been marked @Optional or defined
in D:\Users\Zver\AppData\Local\JetBrains\IdeaIC2021.1\temp-testng-customsuite.xml">
      <![CDATA[org.testng.TestNGException: 
Parameter 'myName' is required by @Test on method myTestProgram but has not been marked @Optional or defined
in D:\Users\Zver\AppData\Local\JetBrains\IdeaIC2021.1\temp-testng-customsuite.xml
at java.util.ArrayList.forEach(ArrayList.java:1259)
at com.intellij.rt.testng.IDEARemoteTestNG.run(IDEARemoteTestNG.java:66)
at com.intellij.rt.testng.RemoteTestNGStarter.main(RemoteTestNGStarter.java:109)
... Removed 23 stack frames]]>
    </failure>
  </testcase> <!-- myTestProgram -->
</testsuite>
